2016-06-06 15:07:16 INFO  UserServiceImpl:85 - user 1234 logged in
2016-06-06 15:18:48 INFO  UserServiceImpl:85 - user 1234 logged in
2016-06-06 15:20:45 INFO  UserServiceImpl:85 - user 1234 logged in
2016-06-07 23:55:57 INFO  UserServiceImpl:85 - user 1234 logged in
2016-06-08 00:02:43 INFO  UserServiceImpl:85 - user 1234 logged in
2016-06-08 00:06:09 INFO  UserServiceImpl:85 - user 1234 logged in
2016-06-08 00:07:45 INFO  UserServiceImpl:85 - user 1234 logged in
2016-06-08 00:16:56 ERROR UserServiceImpl:77 - LoginException
2016-06-08 00:17:54 INFO  UserServiceImpl:85 - user 1234 logged in
2016-06-08 00:24:24 INFO  UserServiceImpl:85 - user 1234 logged in
2016-06-08 00:26:24 INFO  UserServiceImpl:85 - user 1234 logged in
2016-06-08 15:52:26 INFO  UserServiceImpl:85 - user 1234 logged in
2016-06-08 15:52:27 INFO  UserServiceImpl:332 - Request user Vasya
2016-06-08 16:16:35 INFO  UserServiceImpl:85 - user 1234 logged in
2016-06-08 16:16:35 INFO  UserServiceImpl:332 - Request user Vasya
2016-06-08 16:19:43 INFO  UserServiceImpl:85 - user 1234 logged in
2016-06-08 16:19:43 INFO  UserServiceImpl:332 - Request user Vasya
2016-06-08 16:21:33 INFO  UserServiceImpl:85 - user 1234 logged in
2016-06-08 16:21:33 INFO  UserServiceImpl:332 - Request user Vasya
2016-06-08 16:26:39 INFO  UserServiceImpl:85 - user 1234 logged in
2016-06-08 16:26:39 INFO  UserServiceImpl:332 - Request user Vasya
2016-06-08 16:30:37 INFO  UserServiceImpl:85 - user 1234 logged in
2016-06-08 16:30:37 INFO  UserServiceImpl:332 - Request user Vasya
2016-06-08 18:44:41 INFO  UserServiceImpl:85 - user 1234 logged in
2016-06-08 18:44:41 INFO  UserServiceImpl:332 - Request user Vasya
2016-06-08 18:48:11 INFO  UserServiceImpl:85 - user 1234 logged in
2016-06-08 18:48:11 INFO  UserServiceImpl:332 - Request user Vasya
2016-06-08 18:53:42 INFO  UserServiceImpl:85 - user 1234 logged in
2016-06-08 18:53:42 INFO  UserServiceImpl:332 - Request user Vasya
2016-06-08 19:09:59 INFO  UserServiceImpl:85 - user 1234 logged in
2016-06-08 19:09:59 INFO  UserServiceImpl:332 - Request user Vasya
2016-06-08 19:11:35 INFO  UserServiceImpl:85 - user 1234 logged in
2016-06-08 19:11:35 INFO  UserServiceImpl:332 - Request user Vasya
2016-06-08 19:18:50 INFO  UserServiceImpl:85 - user 1234 logged in
2016-06-08 19:18:50 INFO  UserServiceImpl:332 - Request user Vasya
2016-06-08 19:22:31 INFO  UserServiceImpl:85 - user 1234 logged in
2016-06-08 19:22:31 INFO  UserServiceImpl:332 - Request user Vasya
2016-06-08 19:24:12 INFO  UserServiceImpl:85 - user 1234 logged in
2016-06-08 19:24:12 INFO  UserServiceImpl:332 - Request user Vasya
2016-06-08 19:31:30 INFO  UserServiceImpl:85 - user 1234 logged in
2016-06-08 19:31:30 INFO  UserServiceImpl:332 - Request user Vasya
2016-06-08 19:59:51 INFO  UserServiceImpl:85 - user 1234 logged in
2016-06-08 19:59:51 INFO  UserServiceImpl:332 - Request user Vasya
2016-06-08 20:02:51 INFO  UserServiceImpl:85 - user 1234 logged in
2016-06-08 20:02:51 INFO  UserServiceImpl:332 - Request user Vasya
2016-06-08 20:04:19 INFO  UserServiceImpl:85 - user 1234 logged in
2016-06-08 20:04:19 INFO  UserServiceImpl:332 - Request user Vasya
2016-06-08 20:08:53 INFO  UserServiceImpl:85 - user 1234 logged in
2016-06-08 20:08:53 INFO  UserServiceImpl:332 - Request user Vasya
2016-06-08 20:17:40 INFO  UserServiceImpl:85 - user 1234 logged in
2016-06-08 20:17:40 INFO  UserServiceImpl:332 - Request user Vasya
2016-06-08 20:20:30 INFO  UserServiceImpl:85 - user 1234 logged in
2016-06-08 20:20:30 INFO  UserServiceImpl:332 - Request user Vasya
2016-06-08 20:42:05 INFO  UserServiceImpl:85 - user 1234 logged in
2016-06-08 20:42:05 INFO  UserServiceImpl:332 - Request user Vasya
2016-06-08 20:46:11 INFO  UserServiceImpl:85 - user 1234 logged in
2016-06-08 20:46:11 INFO  UserServiceImpl:332 - Request user Vasya
2016-06-08 20:53:01 INFO  UserServiceImpl:85 - user 1234 logged in
2016-06-08 20:53:01 INFO  UserServiceImpl:332 - Request user Vasya
2016-06-08 21:54:08 INFO  UserServiceImpl:85 - user 1234 logged in
2016-06-08 21:54:08 INFO  UserServiceImpl:332 - Request user Vasya
2016-06-08 22:08:21 INFO  UserServiceImpl:85 - user 1234 logged in
2016-06-08 22:08:21 INFO  UserServiceImpl:332 - Request user Vasya
2016-06-08 22:18:00 INFO  UserServiceImpl:85 - user 1234 logged in
2016-06-08 22:18:00 INFO  UserServiceImpl:332 - Request user Vasya
2016-06-08 22:23:21 INFO  UserServiceImpl:85 - user 1234 logged in
2016-06-08 22:23:21 INFO  UserServiceImpl:332 - Request user Vasya
2016-06-08 22:25:38 INFO  UserServiceImpl:85 - user 1234 logged in
2016-06-08 22:25:38 INFO  UserServiceImpl:332 - Request user Vasya
2016-06-08 22:28:00 INFO  UserServiceImpl:85 - user 1234 logged in
2016-06-08 22:28:00 INFO  UserServiceImpl:332 - Request user Vasya
2016-06-08 22:31:30 INFO  UserServiceImpl:85 - user 1234 logged in
2016-06-08 22:31:30 INFO  UserServiceImpl:332 - Request user Vasya
2016-06-08 22:33:18 INFO  UserServiceImpl:85 - user 1234 logged in
2016-06-08 22:33:18 INFO  UserServiceImpl:332 - Request user Vasya
2016-06-08 22:33:27 INFO  UserServiceImpl:340 - Get all order for user Vasya
2016-06-08 22:33:27 INFO  UserServiceImpl:214 - User Vasya get information for his last order 6
2016-06-08 23:59:52 INFO  UserServiceImpl:103 - user 1234 logged in
2016-06-08 23:59:52 INFO  UserServiceImpl:350 - Request user Vasya
2016-06-08 23:59:56 INFO  UserServiceImpl:358 - Get all order for user Vasya
2016-06-08 23:59:56 INFO  UserServiceImpl:232 - User Vasya get information for his last order 6
2016-06-09 00:01:14 INFO  UserServiceImpl:51 - new passenger Kolia registered
2016-06-09 00:01:14 INFO  UserServiceImpl:103 - user 5555 logged in
2016-06-09 00:01:42 INFO  UserServiceImpl:350 - Request user Kolia
2016-06-09 00:01:42 INFO  UserServiceImpl:358 - Get all order for user Kolia
2016-06-09 11:45:07 INFO  UserServiceImpl:103 - user 1234 logged in
2016-06-09 11:45:07 INFO  UserServiceImpl:350 - Request user Vasya
2016-06-09 11:46:24 INFO  UserServiceImpl:103 - user 1234 logged in
2016-06-09 11:46:24 INFO  UserServiceImpl:350 - Request user Vasya
2016-06-09 11:49:01 INFO  UserServiceImpl:103 - user 1234 logged in
2016-06-09 11:49:01 INFO  UserServiceImpl:350 - Request user Vasya
2016-06-09 12:06:19 INFO  UserServiceImpl:103 - user 1234 logged in
2016-06-09 12:06:19 INFO  UserServiceImpl:350 - Request user Vasya
2016-06-09 12:06:58 INFO  UserServiceImpl:103 - user 1234 logged in
2016-06-09 12:06:58 INFO  UserServiceImpl:350 - Request user Vasya
2016-06-09 12:07:02 INFO  UserServiceImpl:350 - Request user Vasya
2016-06-09 12:13:09 INFO  UserServiceImpl:103 - user 1234 logged in
2016-06-09 12:13:09 INFO  UserServiceImpl:350 - Request user Vasya
2016-06-09 12:13:12 INFO  UserServiceImpl:350 - Request user Vasya
2016-06-09 12:13:13 INFO  UserServiceImpl:418 - User Vasya was updated
2016-06-09 12:16:21 INFO  UserServiceImpl:103 - user 1234 logged in
2016-06-09 12:16:21 INFO  UserServiceImpl:350 - Request user Vasya
2016-06-09 12:17:57 INFO  UserServiceImpl:103 - user 1234 logged in
2016-06-09 12:17:57 INFO  UserServiceImpl:350 - Request user Vasya
2016-06-09 12:19:40 INFO  UserServiceImpl:103 - user 1234 logged in
2016-06-09 12:19:40 INFO  UserServiceImpl:350 - Request user Vasya
2016-06-09 12:25:06 INFO  UserServiceImpl:103 - user 1234 logged in
2016-06-09 12:25:06 INFO  UserServiceImpl:350 - Request user Vasya
2016-06-09 12:28:58 INFO  UserServiceImpl:103 - user 1234 logged in
2016-06-09 12:28:58 INFO  UserServiceImpl:350 - Request user Vasya
2016-06-09 12:29:58 INFO  UserServiceImpl:103 - user 1234 logged in
2016-06-09 12:29:58 INFO  UserServiceImpl:350 - Request user Vasya
2016-06-09 12:35:06 INFO  UserServiceImpl:103 - user 1234 logged in
2016-06-09 12:35:06 INFO  UserServiceImpl:350 - Request user Vasya
2016-06-09 12:36:28 INFO  UserServiceImpl:103 - user 1234 logged in
2016-06-09 12:36:28 INFO  UserServiceImpl:350 - Request user Vasya
2016-06-09 12:38:23 INFO  UserServiceImpl:103 - user 1234 logged in
2016-06-09 12:38:23 INFO  UserServiceImpl:350 - Request user Vasya
2016-06-09 12:39:46 INFO  UserServiceImpl:103 - user 1234 logged in
2016-06-09 12:39:46 INFO  UserServiceImpl:350 - Request user Vasya
2016-06-09 12:42:42 INFO  UserServiceImpl:103 - user 1234 logged in
2016-06-09 12:42:42 INFO  UserServiceImpl:350 - Request user Vasya
2016-06-09 12:49:58 INFO  UserServiceImpl:103 - user 1234 logged in
2016-06-09 12:49:58 INFO  UserServiceImpl:350 - Request user Vasya
2016-06-09 12:50:04 INFO  UserServiceImpl:350 - Request user Vasya
2016-06-09 12:50:05 INFO  UserServiceImpl:418 - User Vasya was updated
2016-06-09 12:52:19 INFO  UserServiceImpl:103 - user 1234 logged in
2016-06-09 12:52:19 INFO  UserServiceImpl:350 - Request user Vasya
2016-06-09 12:52:20 INFO  UserServiceImpl:350 - Request user Vasya
2016-06-09 12:52:21 INFO  UserServiceImpl:418 - User Vasya was updated
2016-06-09 12:52:26 INFO  UserServiceImpl:350 - Request user Vasya
2016-06-09 12:52:26 INFO  UserServiceImpl:358 - Get all order for user Vasya
2016-06-09 14:19:01 INFO  UserServiceImpl:103 - user 1234 logged in
2016-06-09 14:19:01 INFO  UserServiceImpl:350 - Request user Vasya
2016-06-09 14:19:06 INFO  UserServiceImpl:350 - Request user Vasya
2016-06-09 14:32:51 INFO  UserServiceImpl:103 - user 1234 logged in
2016-06-09 14:32:51 INFO  UserServiceImpl:350 - Request user Vasya
2016-06-09 14:32:55 INFO  UserServiceImpl:350 - Request user Vasya
2016-06-09 14:36:33 INFO  UserServiceImpl:103 - user 1234 logged in
2016-06-09 14:36:33 INFO  UserServiceImpl:350 - Request user Vasya
2016-06-09 14:36:36 INFO  UserServiceImpl:350 - Request user Vasya
2016-06-09 14:38:32 INFO  UserServiceImpl:103 - user 1234 logged in
2016-06-09 14:38:32 INFO  UserServiceImpl:350 - Request user Vasya
2016-06-09 14:38:35 INFO  UserServiceImpl:350 - Request user Vasya
2016-06-09 14:38:38 INFO  UserServiceImpl:194 - Someone calculates order
2016-06-09 14:41:33 INFO  UserServiceImpl:103 - user 1234 logged in
2016-06-09 14:41:34 INFO  UserServiceImpl:350 - Request user Vasya
2016-06-09 14:41:36 INFO  UserServiceImpl:350 - Request user Vasya
2016-06-09 14:43:25 INFO  UserServiceImpl:103 - user 1234 logged in
2016-06-09 14:43:25 INFO  UserServiceImpl:350 - Request user Vasya
2016-06-09 14:43:28 INFO  UserServiceImpl:350 - Request user Vasya
2016-06-09 14:43:30 INFO  UserServiceImpl:194 - Someone calculates order
2016-06-09 14:44:53 INFO  UserServiceImpl:103 - user 1234 logged in
2016-06-09 14:44:53 INFO  UserServiceImpl:350 - Request user Vasya
2016-06-09 14:44:55 INFO  UserServiceImpl:350 - Request user Vasya
2016-06-09 14:44:57 INFO  UserServiceImpl:136 - User Vasya makes new order 7
2016-06-09 15:06:31 INFO  UserServiceImpl:103 - user 1234 logged in
2016-06-09 15:06:31 INFO  UserServiceImpl:350 - Request user Vasya
2016-06-09 15:06:35 INFO  UserServiceImpl:350 - Request user Vasya
2016-06-09 15:06:38 INFO  UserServiceImpl:190 - Someone calculates order
2016-06-09 15:07:02 INFO  UserServiceImpl:136 - User Vasya makes new order 7
2016-06-09 15:09:42 INFO  UserServiceImpl:103 - user 1234 logged in
2016-06-09 15:09:42 INFO  UserServiceImpl:350 - Request user Vasya
2016-06-09 15:09:46 INFO  UserServiceImpl:350 - Request user Vasya
2016-06-09 15:09:52 INFO  UserServiceImpl:190 - Someone calculates order
2016-06-09 15:12:24 INFO  UserServiceImpl:103 - user 1234 logged in
2016-06-09 15:12:24 INFO  UserServiceImpl:350 - Request user Vasya
2016-06-09 15:12:27 INFO  UserServiceImpl:350 - Request user Vasya
2016-06-09 15:12:29 INFO  UserServiceImpl:190 - Someone calculates order
2016-06-09 15:18:41 INFO  UserServiceImpl:103 - user 1234 logged in
2016-06-09 15:18:41 INFO  UserServiceImpl:353 - Request user Vasya
2016-06-09 15:18:44 INFO  UserServiceImpl:353 - Request user Vasya
2016-06-09 15:21:17 INFO  UserServiceImpl:103 - user 1234 logged in
2016-06-09 15:21:17 INFO  UserServiceImpl:353 - Request user Vasya
2016-06-09 15:21:20 INFO  UserServiceImpl:353 - Request user Vasya
2016-06-09 15:21:22 INFO  UserServiceImpl:193 - Someone calculates order
2016-06-09 15:21:48 INFO  UserServiceImpl:136 - User Vasya makes new order 7
2016-06-09 15:49:27 INFO  UserServiceImpl:103 - user 1234 logged in
2016-06-09 15:49:27 INFO  UserServiceImpl:355 - Request user Vasya
2016-06-09 15:49:30 INFO  UserServiceImpl:355 - Request user Vasya
2016-06-09 15:49:36 INFO  UserServiceImpl:195 - Someone calculates order
2016-06-09 15:49:40 INFO  UserServiceImpl:138 - User Vasya makes new order 7
2016-06-09 15:51:56 INFO  UserServiceImpl:103 - user 1234 logged in
2016-06-09 15:51:56 INFO  UserServiceImpl:355 - Request user Vasya
2016-06-09 15:51:59 INFO  UserServiceImpl:355 - Request user Vasya
2016-06-09 15:52:02 INFO  UserServiceImpl:195 - Someone calculates order
2016-06-09 15:52:04 INFO  UserServiceImpl:138 - User Vasya makes new order 7
2016-06-09 15:54:41 INFO  UserServiceImpl:103 - user 1234 logged in
2016-06-09 15:54:41 INFO  UserServiceImpl:355 - Request user Vasya
2016-06-09 15:54:44 INFO  UserServiceImpl:355 - Request user Vasya
2016-06-09 15:54:46 INFO  UserServiceImpl:138 - User Vasya makes new order 7
2016-06-09 15:54:50 INFO  UserServiceImpl:363 - Get all order for user Vasya
2016-06-09 15:54:50 INFO  UserServiceImpl:237 - User Vasya get information for his last order 7
2016-06-09 15:57:09 INFO  UserServiceImpl:103 - user 1234 logged in
2016-06-09 15:57:09 INFO  UserServiceImpl:355 - Request user Vasya
2016-06-09 15:57:12 INFO  UserServiceImpl:355 - Request user Vasya
2016-06-09 15:57:14 INFO  UserServiceImpl:138 - User Vasya makes new order 7
2016-06-09 15:57:19 INFO  UserServiceImpl:363 - Get all order for user Vasya
2016-06-09 15:57:19 INFO  UserServiceImpl:237 - User Vasya get information for his last order 7
2016-06-09 15:57:25 INFO  UserServiceImpl:265 - Order 7 was cancelled by user
2016-06-09 15:57:29 ERROR UserServiceImpl:299 - WrongStatusOrderException
2016-06-09 16:13:02 INFO  UserServiceImpl:103 - user 1234 logged in
2016-06-09 16:13:02 INFO  UserServiceImpl:355 - Request user Vasya
2016-06-09 16:13:06 INFO  UserServiceImpl:355 - Request user Vasya
2016-06-09 16:13:08 INFO  UserServiceImpl:195 - Someone calculates order
2016-06-09 16:13:10 INFO  UserServiceImpl:138 - User Vasya makes new order 7
2016-06-09 16:13:13 INFO  UserServiceImpl:363 - Get all order for user Vasya
2016-06-09 16:13:13 INFO  UserServiceImpl:237 - User Vasya get information for his last order 7
2016-06-09 16:13:20 ERROR UserServiceImpl:299 - WrongStatusOrderException
2016-06-09 16:28:38 INFO  UserServiceImpl:103 - user 1234 logged in
2016-06-09 16:28:38 INFO  UserServiceImpl:355 - Request user Vasya
2016-06-09 16:28:41 INFO  UserServiceImpl:355 - Request user Vasya
2016-06-09 16:28:45 INFO  UserServiceImpl:195 - Someone calculates order
2016-06-09 16:28:46 INFO  UserServiceImpl:138 - User Vasya makes new order 7
2016-06-09 16:28:48 INFO  UserServiceImpl:363 - Get all order for user Vasya
2016-06-09 16:28:48 INFO  UserServiceImpl:237 - User Vasya get information for his last order 7
2016-06-09 16:28:56 INFO  UserServiceImpl:355 - Request user Vasya
2016-06-09 16:28:56 INFO  UserServiceImpl:363 - Get all order for user Vasya
2016-06-09 16:29:03 INFO  UserServiceImpl:355 - Request user Vasya
2016-06-09 16:29:04 INFO  UserServiceImpl:423 - User Vasya was updated
2016-06-09 16:29:08 INFO  UserServiceImpl:355 - Request user Vasya
2016-06-09 16:29:14 INFO  UserServiceImpl:103 - user 5678 logged in
2016-06-09 16:29:14 INFO  UserServiceImpl:355 - Request user Petya
2016-06-09 16:29:14 INFO  UserServiceImpl:355 - Request user Petya
2016-06-09 16:29:15 INFO  UserServiceImpl:458 - Get all order by status NEW
2016-06-09 18:31:05 INFO  UserServiceImpl:103 - user 1234 logged in
2016-06-09 18:31:05 INFO  UserServiceImpl:355 - Request user Vasya
2016-06-09 18:31:35 INFO  UserServiceImpl:355 - Request user Vasya
2016-06-09 18:31:38 INFO  UserServiceImpl:195 - Someone calculates order
2016-06-09 18:31:48 INFO  UserServiceImpl:138 - User Vasya makes new order 7
2016-06-09 18:32:04 INFO  UserServiceImpl:363 - Get all order for user Vasya
2016-06-09 18:32:04 INFO  UserServiceImpl:237 - User Vasya get information for his last order 7
2016-06-09 18:32:39 INFO  UserServiceImpl:265 - Order 7 was cancelled by user
2016-06-09 18:32:50 INFO  UserServiceImpl:355 - Request user Vasya
2016-06-09 18:32:57 INFO  UserServiceImpl:355 - Request user Vasya
2016-06-09 18:32:57 INFO  UserServiceImpl:363 - Get all order for user Vasya
2016-06-09 18:33:10 INFO  UserServiceImpl:355 - Request user Vasya
2016-06-09 18:33:18 INFO  UserServiceImpl:103 - user 5678 logged in
2016-06-09 18:33:18 INFO  UserServiceImpl:355 - Request user Petya
2016-06-09 18:33:18 INFO  UserServiceImpl:355 - Request user Petya
2016-06-09 18:33:19 INFO  UserServiceImpl:458 - Get all order by status NEW
2016-06-09 19:26:54 INFO  UserServiceImpl:103 - user 1234 logged in
2016-06-09 19:26:54 INFO  UserServiceImpl:355 - Request user Vasya
2016-06-09 19:26:56 INFO  UserServiceImpl:355 - Request user Vasya
2016-06-09 19:26:56 INFO  UserServiceImpl:363 - Get all order for user Vasya
2016-06-09 19:31:11 INFO  UserServiceImpl:103 - user 1234 logged in
2016-06-09 19:31:11 INFO  UserServiceImpl:355 - Request user Vasya
2016-06-09 19:31:12 INFO  UserServiceImpl:355 - Request user Vasya
2016-06-09 19:31:12 INFO  UserServiceImpl:363 - Get all order for user Vasya
2016-06-09 19:35:43 INFO  UserServiceImpl:103 - user 1234 logged in
2016-06-09 19:35:43 INFO  UserServiceImpl:355 - Request user Vasya
2016-06-09 19:35:44 INFO  UserServiceImpl:355 - Request user Vasya
2016-06-09 19:35:44 INFO  UserServiceImpl:363 - Get all order for user Vasya
2016-06-09 19:48:22 INFO  UserServiceImpl:103 - user 1234 logged in
2016-06-09 19:48:22 INFO  UserServiceImpl:355 - Request user Vasya
2016-06-09 19:48:24 INFO  UserServiceImpl:355 - Request user Vasya
2016-06-09 19:48:24 INFO  UserServiceImpl:363 - Get all order for user Vasya
2016-06-09 20:04:50 INFO  UserServiceImpl:103 - user 1234 logged in
2016-06-09 20:04:50 INFO  UserServiceImpl:355 - Request user Vasya
2016-06-09 20:04:51 INFO  UserServiceImpl:355 - Request user Vasya
2016-06-09 20:04:51 INFO  UserServiceImpl:363 - Get all order for user Vasya
2016-06-09 20:10:18 INFO  UserServiceImpl:103 - user 1234 logged in
2016-06-09 20:10:18 INFO  UserServiceImpl:355 - Request user Vasya
2016-06-09 20:10:20 INFO  UserServiceImpl:355 - Request user Vasya
2016-06-09 20:10:20 INFO  UserServiceImpl:363 - Get all order for user Vasya
2016-06-09 20:15:51 INFO  UserServiceImpl:103 - user 1234 logged in
2016-06-09 20:15:51 INFO  UserServiceImpl:355 - Request user Vasya
2016-06-09 20:15:52 INFO  UserServiceImpl:355 - Request user Vasya
2016-06-09 20:15:52 INFO  UserServiceImpl:363 - Get all order for user Vasya
2016-06-09 20:16:55 INFO  UserServiceImpl:363 - Get all order for user Vasya
2016-06-09 20:16:55 INFO  UserServiceImpl:237 - User Vasya get information for his last order 6
2016-06-09 20:17:01 INFO  UserServiceImpl:355 - Request user Vasya
2016-06-09 20:17:02 INFO  UserServiceImpl:423 - User Vasya was updated
2016-06-09 20:17:11 INFO  UserServiceImpl:355 - Request user Vasya
2016-06-09 20:20:44 INFO  UserServiceImpl:103 - user 1234 logged in
2016-06-09 20:20:44 INFO  UserServiceImpl:355 - Request user Vasya
2016-06-09 20:20:45 INFO  UserServiceImpl:355 - Request user Vasya
2016-06-09 20:20:45 INFO  UserServiceImpl:363 - Get all order for user Vasya
2016-06-09 20:20:50 INFO  UserServiceImpl:363 - Get all order for user Vasya
2016-06-09 20:20:50 INFO  UserServiceImpl:237 - User Vasya get information for his last order 6
2016-06-09 20:20:57 INFO  UserServiceImpl:355 - Request user Vasya
2016-06-09 20:21:04 INFO  UserServiceImpl:103 - user 5678 logged in
2016-06-09 20:21:04 INFO  UserServiceImpl:355 - Request user Petya
2016-06-09 20:21:04 INFO  UserServiceImpl:355 - Request user Petya
2016-06-09 20:21:05 INFO  UserServiceImpl:355 - Request user Petya
2016-06-09 20:21:05 INFO  UserServiceImpl:363 - Get all order for user Petya
2016-06-09 20:21:10 INFO  UserServiceImpl:363 - Get all order for user Petya
2016-06-09 20:21:10 ERROR UserServiceImpl:229 - OrderNotFoundException
2016-06-09 20:32:19 INFO  UserServiceImpl:103 - user 1234 logged in
2016-06-09 20:32:19 INFO  UserServiceImpl:355 - Request user Vasya
2016-06-09 20:32:21 INFO  UserServiceImpl:355 - Request user Vasya
2016-06-09 20:32:22 INFO  UserServiceImpl:363 - Get all order for user Vasya
2016-06-09 20:32:24 INFO  UserServiceImpl:355 - Request user Vasya
2016-06-09 20:32:31 INFO  UserServiceImpl:103 - user 5678 logged in
2016-06-09 20:32:31 INFO  UserServiceImpl:355 - Request user Petya
2016-06-09 20:32:31 INFO  UserServiceImpl:355 - Request user Petya
2016-06-09 20:32:33 INFO  UserServiceImpl:458 - Get all order by status NEW
2016-06-09 20:39:09 INFO  UserServiceImpl:103 - user 1234 logged in
2016-06-09 20:39:09 INFO  UserServiceImpl:355 - Request user Vasya
2016-06-09 20:39:14 INFO  UserServiceImpl:355 - Request user Vasya
2016-06-09 20:39:17 INFO  UserServiceImpl:195 - Someone calculates order
2016-06-09 20:39:31 INFO  UserServiceImpl:355 - Request user Vasya
2016-06-09 20:39:36 INFO  UserServiceImpl:103 - user 5678 logged in
2016-06-09 20:39:36 INFO  UserServiceImpl:355 - Request user Petya
2016-06-09 20:39:36 INFO  UserServiceImpl:355 - Request user Petya
2016-06-09 20:39:38 INFO  UserServiceImpl:458 - Get all order by status NEW
2016-06-09 20:39:52 INFO  UserServiceImpl:458 - Get all order by status NEW
2016-06-09 20:49:52 INFO  UserServiceImpl:103 - user 1234 logged in
2016-06-09 20:49:53 INFO  UserServiceImpl:355 - Request user Vasya
2016-06-09 20:49:56 INFO  UserServiceImpl:355 - Request user Vasya
2016-06-09 20:49:58 INFO  UserServiceImpl:195 - Someone calculates order
2016-06-09 20:50:00 INFO  UserServiceImpl:138 - User Vasya makes new order 7
2016-06-09 20:50:04 INFO  UserServiceImpl:363 - Get all order for user Vasya
2016-06-09 20:50:04 INFO  UserServiceImpl:237 - User Vasya get information for his last order 7
2016-06-09 20:50:10 INFO  UserServiceImpl:355 - Request user Vasya
2016-06-09 20:50:10 INFO  UserServiceImpl:363 - Get all order for user Vasya
2016-06-09 20:50:30 INFO  UserServiceImpl:355 - Request user Vasya
2016-06-09 20:50:32 INFO  UserServiceImpl:432 - User ua.artcode.taxi.model.User@1f2d08e was deleted
2016-06-09 20:50:38 ERROR UserServiceImpl:95 - LoginException
2016-06-09 20:52:19 INFO  UserServiceImpl:103 - user 1234 logged in
2016-06-09 20:52:19 INFO  UserServiceImpl:355 - Request user Vasya
2016-06-09 20:52:20 INFO  UserServiceImpl:355 - Request user Vasya
2016-06-09 20:52:22 INFO  UserServiceImpl:432 - User ua.artcode.taxi.model.User@1cfe4b2 was deleted
2016-06-09 20:52:26 ERROR UserServiceImpl:95 - LoginException
2016-06-09 20:56:48 INFO  UserServiceImpl:51 - new passenger Kolia registered
2016-06-09 20:56:48 INFO  UserServiceImpl:103 - user 5555 logged in
2016-06-09 20:56:55 INFO  UserServiceImpl:363 - Get all order for user Kolia
2016-06-09 20:56:55 ERROR UserServiceImpl:229 - OrderNotFoundException
2016-06-09 21:03:17 INFO  UserServiceImpl:103 - user 1234 logged in
2016-06-09 21:03:17 INFO  UserServiceImpl:355 - Request user Vasya
2016-06-09 21:03:19 INFO  UserServiceImpl:355 - Request user Vasya
2016-06-09 21:03:22 INFO  UserServiceImpl:138 - User Vasya makes new order 7
2016-06-09 21:03:25 INFO  UserServiceImpl:363 - Get all order for user Vasya
2016-06-09 21:03:25 INFO  UserServiceImpl:237 - User Vasya get information for his last order 7
2016-06-09 21:03:29 INFO  UserServiceImpl:265 - Order 7 was cancelled by user
2016-06-09 21:03:33 INFO  UserServiceImpl:355 - Request user Vasya
2016-06-09 21:03:33 INFO  UserServiceImpl:363 - Get all order for user Vasya
2016-06-09 21:03:38 INFO  UserServiceImpl:355 - Request user Vasya
2016-06-09 21:03:40 INFO  UserServiceImpl:423 - User Vasya was updated
2016-06-09 21:03:44 INFO  UserServiceImpl:355 - Request user Vasya
2016-06-09 21:03:50 INFO  UserServiceImpl:103 - user 5678 logged in
2016-06-09 21:03:50 INFO  UserServiceImpl:355 - Request user Petya
2016-06-09 21:03:50 INFO  UserServiceImpl:355 - Request user Petya
2016-06-09 21:03:52 INFO  UserServiceImpl:458 - Get all order by status NEW
2016-06-09 21:18:45 INFO  UserServiceImpl:103 - user 1234 logged in
2016-06-09 21:18:45 INFO  UserServiceImpl:355 - Request user Vasya
2016-06-09 21:18:51 INFO  UserServiceImpl:355 - Request user Vasya
2016-06-09 21:18:53 INFO  UserServiceImpl:138 - User Vasya makes new order 7
2016-06-09 21:19:03 INFO  UserServiceImpl:363 - Get all order for user Vasya
2016-06-09 21:19:03 INFO  UserServiceImpl:237 - User Vasya get information for his last order 7
2016-06-09 21:19:09 INFO  UserServiceImpl:265 - Order 7 was cancelled by user
2016-06-09 21:19:13 ERROR UserServiceImpl:299 - WrongStatusOrderException
2016-06-09 21:19:44 INFO  UserServiceImpl:103 - user 1234 logged in
2016-06-09 21:19:44 INFO  UserServiceImpl:355 - Request user Vasya
2016-06-09 21:19:50 INFO  UserServiceImpl:355 - Request user Vasya
2016-06-09 21:19:54 INFO  UserServiceImpl:195 - Someone calculates order
2016-06-09 21:19:55 INFO  UserServiceImpl:138 - User Vasya makes new order 7
2016-06-09 21:19:58 INFO  UserServiceImpl:363 - Get all order for user Vasya
2016-06-09 21:19:58 INFO  UserServiceImpl:237 - User Vasya get information for his last order 7
2016-06-09 21:20:10 INFO  UserServiceImpl:355 - Request user Vasya
2016-06-09 21:20:14 INFO  UserServiceImpl:355 - Request user Vasya
2016-06-09 21:20:20 INFO  UserServiceImpl:103 - user 5678 logged in
2016-06-09 21:20:20 INFO  UserServiceImpl:355 - Request user Petya
2016-06-09 21:20:20 INFO  UserServiceImpl:355 - Request user Petya
2016-06-09 21:20:26 INFO  UserServiceImpl:458 - Get all order by status NEW
2016-06-09 21:24:21 INFO  UserServiceImpl:103 - user 5678 logged in
2016-06-09 21:24:21 INFO  UserServiceImpl:355 - Request user Petya
2016-06-09 21:24:21 INFO  UserServiceImpl:355 - Request user Petya
2016-06-09 21:24:22 INFO  UserServiceImpl:458 - Get all order by status NEW
2016-06-09 21:26:53 INFO  UserServiceImpl:103 - user 5678 logged in
2016-06-09 21:26:53 INFO  UserServiceImpl:355 - Request user Petya
2016-06-09 21:26:53 INFO  UserServiceImpl:355 - Request user Petya
2016-06-09 21:26:55 INFO  UserServiceImpl:363 - Get all order for user Petya
2016-06-09 21:26:55 ERROR UserServiceImpl:229 - OrderNotFoundException
2016-06-09 21:27:29 INFO  UserServiceImpl:103 - user 5678 logged in
2016-06-09 21:27:29 INFO  UserServiceImpl:355 - Request user Petya
2016-06-09 21:27:29 INFO  UserServiceImpl:355 - Request user Petya
2016-06-09 21:27:30 INFO  UserServiceImpl:458 - Get all order by status NEW
2016-06-09 21:30:58 INFO  UserServiceImpl:103 - user 5678 logged in
2016-06-09 21:30:58 INFO  UserServiceImpl:355 - Request user Petya
2016-06-09 21:30:58 INFO  UserServiceImpl:355 - Request user Petya
2016-06-09 21:30:59 INFO  UserServiceImpl:458 - Get all order by status NEW
2016-06-09 21:31:05 INFO  UserServiceImpl:346 - User Petya was take order 3 for execution
2016-06-09 21:34:13 INFO  UserServiceImpl:306 - User Petya was closed his order 3
2016-06-09 21:34:24 INFO  UserServiceImpl:363 - Get all order for user Petya
2016-06-09 21:34:24 INFO  UserServiceImpl:237 - User Petya get information for his last order 3
2016-06-09 21:34:29 INFO  UserServiceImpl:458 - Get all order by status NEW
2016-06-09 21:34:36 INFO  UserServiceImpl:346 - User Petya was take order 2 for execution
2016-06-09 21:34:54 INFO  UserServiceImpl:363 - Get all order for user Petya
2016-06-09 21:34:54 INFO  UserServiceImpl:237 - User Petya get information for his last order 2
2016-06-09 21:34:57 INFO  UserServiceImpl:355 - Request user Petya
2016-06-09 21:34:58 INFO  UserServiceImpl:423 - User Petya was updated
2016-06-09 21:35:03 INFO  UserServiceImpl:363 - Get all order for user Petya
2016-06-09 21:45:55 INFO  UserServiceImpl:51 - new passenger Jhon registered
2016-06-09 21:45:55 INFO  UserServiceImpl:103 - user 5555 logged in
2016-06-09 21:45:58 INFO  UserServiceImpl:355 - Request user Jhon
2016-06-09 21:46:02 INFO  UserServiceImpl:424 - User John was updated
2016-06-09 21:46:04 INFO  UserServiceImpl:355 - Request user John
2016-06-09 21:46:07 INFO  UserServiceImpl:424 - User John was updated
2016-06-09 21:46:10 INFO  UserServiceImpl:355 - Request user John
2016-06-09 21:46:15 INFO  UserServiceImpl:103 - user 5678 logged in
2016-06-09 21:46:15 INFO  UserServiceImpl:355 - Request user Petya
2016-06-09 21:46:15 INFO  UserServiceImpl:355 - Request user Petya
2016-06-09 21:46:17 INFO  UserServiceImpl:459 - Get all order by status NEW
2016-06-09 21:46:38 INFO  UserServiceImpl:346 - User Petya was take order 3 for execution
2016-06-09 21:46:46 INFO  UserServiceImpl:306 - User Petya was closed his order 3
2016-06-09 21:46:50 INFO  UserServiceImpl:459 - Get all order by status NEW
2016-06-09 21:46:55 INFO  UserServiceImpl:346 - User Petya was take order 5 for execution
2016-06-09 21:47:03 INFO  UserServiceImpl:355 - Request user Petya
2016-06-09 21:47:03 INFO  UserServiceImpl:363 - Get all order for user Petya
2016-06-09 21:47:09 INFO  UserServiceImpl:355 - Request user Petya
2016-06-09 21:47:10 INFO  UserServiceImpl:424 - User Petya was updated
2016-06-09 21:47:14 INFO  UserServiceImpl:355 - Request user Petya
2016-06-09 21:47:19 INFO  UserServiceImpl:103 - user 1234 logged in
2016-06-09 21:47:19 INFO  UserServiceImpl:355 - Request user Vasya
2016-06-09 21:47:35 INFO  UserServiceImpl:195 - Someone calculates order
2016-06-09 21:47:37 INFO  UserServiceImpl:138 - User Vasya makes new order 7
2016-06-09 21:47:40 INFO  UserServiceImpl:355 - Request user Vasya
2016-06-09 21:47:46 INFO  UserServiceImpl:103 - user 5678 logged in
2016-06-09 21:47:46 INFO  UserServiceImpl:355 - Request user Petya
2016-06-09 21:47:46 INFO  UserServiceImpl:355 - Request user Petya
2016-06-09 21:47:50 INFO  UserServiceImpl:459 - Get all order by status NEW
2016-06-09 21:48:08 ERROR UserServiceImpl:293 - DriverOrderActionException
2016-06-09 21:49:45 INFO  UserServiceImpl:103 - user 5678 logged in
2016-06-09 21:49:45 INFO  UserServiceImpl:355 - Request user Petya
2016-06-09 21:49:45 INFO  UserServiceImpl:355 - Request user Petya
2016-06-09 21:49:46 INFO  UserServiceImpl:459 - Get all order by status NEW
2016-06-09 21:49:57 INFO  UserServiceImpl:346 - User Petya was take order 3 for execution
2016-06-09 21:50:15 INFO  UserServiceImpl:355 - Request user Petya
2016-06-09 21:50:16 INFO  UserServiceImpl:433 - User ua.artcode.taxi.model.User@1a8dfcc was deleted
2016-06-09 21:59:37 INFO  UserServiceImpl:103 - user 5678 logged in
2016-06-09 21:59:37 INFO  UserServiceImpl:358 - Request user Petya
2016-06-09 21:59:37 INFO  UserServiceImpl:358 - Request user Petya
2016-06-09 21:59:38 INFO  UserServiceImpl:462 - Get all order by status NEW
2016-06-09 21:59:45 INFO  UserServiceImpl:349 - User Petya was take order 3 for execution
2016-06-09 22:00:00 ERROR UserServiceImpl:322 - DriverOrderActionException
2016-06-09 22:07:38 INFO  UserServiceImpl:103 - user 1234 logged in
2016-06-09 22:07:38 INFO  UserServiceImpl:357 - Request user Vasya
2016-06-09 22:07:39 INFO  UserServiceImpl:357 - Request user Vasya
2016-06-09 22:07:39 INFO  UserServiceImpl:365 - Get all order for user Vasya
2016-06-09 22:07:42 INFO  UserServiceImpl:365 - Get all order for user Vasya
2016-06-09 22:07:42 INFO  UserServiceImpl:237 - User Vasya get information for his last order 6
2016-06-09 22:07:46 INFO  UserServiceImpl:265 - Order 6 was cancelled by user
2016-06-09 22:07:53 INFO  UserServiceImpl:365 - Get all order for user Vasya
2016-06-09 22:07:53 INFO  UserServiceImpl:237 - User Vasya get information for his last order 6
2016-06-09 22:07:59 INFO  UserServiceImpl:265 - Order 6 was cancelled by user
2016-06-09 22:08:06 ERROR UserServiceImpl:299 - WrongStatusOrderException
2016-06-09 22:08:31 INFO  UserServiceImpl:103 - user 5678 logged in
2016-06-09 22:08:31 INFO  UserServiceImpl:357 - Request user Petya
2016-06-09 22:08:31 INFO  UserServiceImpl:357 - Request user Petya
2016-06-09 22:08:33 INFO  UserServiceImpl:365 - Get all order for user Petya
2016-06-09 22:09:08 INFO  UserServiceImpl:103 - user 5678 logged in
2016-06-09 22:09:08 INFO  UserServiceImpl:357 - Request user Petya
2016-06-09 22:09:08 INFO  UserServiceImpl:357 - Request user Petya
2016-06-09 22:09:09 INFO  UserServiceImpl:357 - Request user Petya
2016-06-09 22:09:09 INFO  UserServiceImpl:365 - Get all order for user Petya
2016-06-09 22:09:13 INFO  UserServiceImpl:461 - Get all order by status NEW
2016-06-09 22:09:22 INFO  UserServiceImpl:349 - User Petya was take order 5 for execution
2016-06-09 22:09:32 INFO  UserServiceImpl:365 - Get all order for user Petya
2016-06-09 22:09:32 INFO  UserServiceImpl:237 - User Petya get information for his last order 5
2016-06-09 22:09:35 INFO  UserServiceImpl:357 - Request user Petya
2016-06-09 22:09:35 INFO  UserServiceImpl:365 - Get all order for user Petya
2016-06-09 22:09:41 INFO  UserServiceImpl:365 - Get all order for user Petya
2016-06-09 22:09:41 INFO  UserServiceImpl:237 - User Petya get information for his last order 5
2016-06-09 22:10:01 INFO  UserServiceImpl:357 - Request user Petya
2016-06-09 22:10:25 INFO  UserServiceImpl:103 - user 1111 logged in
2016-06-09 22:10:25 INFO  UserServiceImpl:357 - Request user Ivan
2016-06-09 22:10:28 INFO  UserServiceImpl:357 - Request user Ivan
2016-06-09 22:10:28 INFO  UserServiceImpl:365 - Get all order for user Ivan
2016-06-09 22:10:37 INFO  UserServiceImpl:365 - Get all order for user Ivan
2016-06-09 22:10:37 INFO  UserServiceImpl:237 - User Ivan get information for his last order 5
2016-06-09 22:11:02 INFO  UserServiceImpl:306 - User Ivan was closed his order 5
2016-06-09 22:11:12 INFO  UserServiceImpl:357 - Request user Ivan
2016-06-09 22:11:15 INFO  UserServiceImpl:357 - Request user Ivan
2016-06-09 22:11:17 INFO  UserServiceImpl:435 - User ua.artcode.taxi.model.User@b5c224 was deleted
2016-06-09 22:14:45 INFO  UserServiceImpl:103 - user 5678 logged in
2016-06-09 22:14:45 INFO  UserServiceImpl:357 - Request user Petya
2016-06-09 22:14:45 INFO  UserServiceImpl:357 - Request user Petya
2016-06-09 22:17:28 INFO  UserServiceImpl:357 - Request user Petya
2016-06-09 22:17:28 INFO  UserServiceImpl:365 - Get all order for user Petya
2016-06-09 22:17:31 INFO  UserServiceImpl:461 - Get all order by status NEW
2016-06-09 22:17:37 INFO  UserServiceImpl:349 - User Petya was take order 3 for execution
2016-06-09 22:17:43 INFO  UserServiceImpl:357 - Request user Petya
2016-06-09 22:17:43 INFO  UserServiceImpl:365 - Get all order for user Petya
2016-06-09 22:17:46 INFO  UserServiceImpl:365 - Get all order for user Petya
2016-06-09 22:17:46 INFO  UserServiceImpl:237 - User Petya get information for his last order 3
2016-06-09 22:17:53 INFO  UserServiceImpl:357 - Request user Petya
2016-06-09 22:17:58 INFO  UserServiceImpl:357 - Request user Petya
2016-06-09 22:17:58 INFO  UserServiceImpl:365 - Get all order for user Petya
2016-06-09 22:18:05 INFO  UserServiceImpl:461 - Get all order by status NEW
2016-06-09 22:18:10 ERROR UserServiceImpl:322 - DriverOrderActionException
2016-06-09 22:23:12 INFO  UserServiceImpl:103 - user 1234 logged in
2016-06-09 22:23:12 INFO  UserServiceImpl:357 - Request user Vasya
2016-06-09 22:23:15 INFO  UserServiceImpl:365 - Get all order for user Vasya
2016-06-09 22:23:15 INFO  UserServiceImpl:237 - User Vasya get information for his last order 6
2016-06-09 22:23:19 INFO  UserServiceImpl:365 - Get all order for user Vasya
2016-06-09 22:23:19 INFO  UserServiceImpl:237 - User Vasya get information for his last order 6
2016-06-09 22:23:23 INFO  UserServiceImpl:365 - Get all order for user Vasya
2016-06-09 22:23:23 INFO  UserServiceImpl:237 - User Vasya get information for his last order 6
2016-06-09 22:23:42 INFO  UserServiceImpl:357 - Request user Vasya
2016-06-09 22:23:43 INFO  UserServiceImpl:426 - User Vasya was updated
2016-06-09 22:23:48 INFO  UserServiceImpl:365 - Get all order for user Vasya
2016-06-09 22:23:48 ERROR UserServiceImpl:229 - OrderNotFoundException
2016-06-09 22:27:18 INFO  UserServiceImpl:103 - user 1234 logged in
2016-06-09 22:27:19 INFO  UserServiceImpl:357 - Request user Vasya
2016-06-09 22:27:20 INFO  UserServiceImpl:365 - Get all order for user Vasya
2016-06-09 22:27:20 INFO  UserServiceImpl:237 - User Vasya get information for his last order 6
2016-06-09 22:27:23 INFO  UserServiceImpl:357 - Request user Vasya
2016-06-09 22:27:24 INFO  UserServiceImpl:426 - User Vasya was updated
2016-06-09 22:27:26 INFO  UserServiceImpl:365 - Get all order for user Vasya
2016-06-09 22:27:26 ERROR UserServiceImpl:229 - OrderNotFoundException
2016-06-09 22:30:28 INFO  UserServiceImpl:103 - user 1234 logged in
2016-06-09 22:30:28 INFO  UserServiceImpl:357 - Request user Vasya
2016-06-09 22:30:30 INFO  UserServiceImpl:365 - Get all order for user Vasya
2016-06-09 22:30:30 INFO  UserServiceImpl:237 - User Vasya get information for his last order 6
2016-06-09 22:30:35 INFO  UserServiceImpl:357 - Request user Vasya
2016-06-09 22:30:36 INFO  UserServiceImpl:426 - User Vasya was updated
2016-06-09 22:30:50 INFO  UserServiceImpl:357 - Request user Vasya
2016-06-09 22:30:50 INFO  UserServiceImpl:365 - Get all order for user Vasya
2016-06-09 22:32:28 INFO  UserServiceImpl:103 - user 1234 logged in
2016-06-09 22:32:28 INFO  UserServiceImpl:357 - Request user Vasya
2016-06-09 22:32:31 INFO  UserServiceImpl:365 - Get all order for user Vasya
2016-06-09 22:32:31 INFO  UserServiceImpl:237 - User Vasya get information for his last order 6
2016-06-09 22:32:34 INFO  UserServiceImpl:357 - Request user Vasya
2016-06-09 22:32:34 INFO  UserServiceImpl:365 - Get all order for user Vasya
2016-06-09 22:32:37 INFO  UserServiceImpl:357 - Request user Vasya
2016-06-09 22:32:38 INFO  UserServiceImpl:426 - User Vasya was updated
2016-06-09 22:32:50 INFO  UserServiceImpl:357 - Request user Vasya
2016-06-09 22:32:50 INFO  UserServiceImpl:365 - Get all order for user Vasya
